[2020-04-28 13:36:38,469] multiqc                                            [DEBUG  ]  No MultiQC config found: /student/petertran/.local/lib/python3.6/site-packages/multiqc_config.yaml
[2020-04-28 13:36:38,470] multiqc                                            [DEBUG  ]  No MultiQC config found: /student/petertran/.multiqc_config.yaml
[2020-04-28 13:36:38,471] multiqc                                            [DEBUG  ]  No MultiQC config found: multiqc_config.yaml
[2020-04-28 13:36:38,471] multiqc                                            [DEBUG  ]  Command used: /student/petertran/.local/bin/multiqc .
[2020-04-28 13:36:39,191] multiqc                                            [DEBUG  ]  Latest MultiQC version is v1.8
[2020-04-28 13:36:39,191] multiqc                                            [INFO   ]  This is MultiQC v1.8
[2020-04-28 13:36:39,192] multiqc                                            [DEBUG  ]  Command     : /student/petertran/.local/bin/multiqc .
[2020-04-28 13:36:39,192] multiqc                                            [DEBUG  ]  Working dir : /student/petertran/src/bioinformatics-2/homework/metagenomics/reports/qc/pre-trim
[2020-04-28 13:36:39,192] multiqc                                            [INFO   ]  Template    : default
[2020-04-28 13:36:39,192] multiqc                                            [DEBUG  ]  Running Python 3.6.8 (default, Aug  7 2019, 17:28:10)  [GCC 4.8.5 20150623 (Red Hat 4.8.5-39)]
[2020-04-28 13:36:39,192] multiqc                                            [INFO   ]  Searching   : /student/petertran/src/bioinformatics-2/homework/metagenomics/reports/qc/pre-trim
[2020-04-28 13:36:39,193] multiqc                                            [DEBUG  ]  Analysing modules: custom_content, conpair, peddy, methylQA, phantompeakqualtools, qualimap, preseq, quast, qorts, rna_seqc, rsem, rseqc, busco, goleft_indexcov, disambiguate, supernova, deeptools, sargasso, verifybamid, mirtrace, happy, homer, macs2, theta2, snpeff, gatk, htseq, bcftools, featureCounts, fgbio, dedup, damageprofiler, biobambam2, mtnucratio, picard, prokka, samblaster, samtools, sexdeterrmine, bamtools, jellyfish, vcftools, longranger, stacks, bbmap, bismark, biscuit, hicexplorer, hicup, hicpro, salmon, kallisto, slamdunk, star, hisat2, tophat, bowtie2, bowtie1, kat, leehom, adapterRemoval, clipandmerge, cutadapt, flexbar, trimmomatic, skewer, sortmerna, biobloomtools, fastq_screen, afterqc, fastp, fastqc, minionqc, mosdepth, clusterflow, bcl2fastq, interop, flash, seqyclean
[2020-04-28 13:36:39,193] multiqc                                            [DEBUG  ]  Using temporary directory for creating report: /tmp/tmpyyse0d9s
[2020-04-28 13:36:39,671] multiqc                                            [DEBUG  ]  Ignoring file as matched an ignore pattern: p156N_R2_fastqc.html
[2020-04-28 13:36:39,682] multiqc                                            [DEBUG  ]  Ignoring file as matched an ignore pattern: p156N_R1_fastqc.html
[2020-04-28 13:36:39,684] multiqc                                            [DEBUG  ]  Ignoring file as matched an ignore pattern: p156C_R2_fastqc.html
[2020-04-28 13:36:39,686] multiqc                                            [DEBUG  ]  Ignoring file as matched an ignore pattern: p156C_R1_fastqc.html
[2020-04-28 13:36:39,688] multiqc                                            [DEBUG  ]  Ignoring file as matched an ignore pattern: p153N_R2_fastqc.html
[2020-04-28 13:36:39,691] multiqc                                            [DEBUG  ]  Ignoring file as matched an ignore pattern: p153N_R1_fastqc.html
[2020-04-28 13:36:39,693] multiqc                                            [DEBUG  ]  Ignoring file as matched an ignore pattern: p153C_R2_fastqc.html
[2020-04-28 13:36:39,696] multiqc                                            [DEBUG  ]  Ignoring file as matched an ignore pattern: p153C_R1_fastqc.html
[2020-04-28 13:36:39,698] multiqc                                            [DEBUG  ]  Ignoring file as matched an ignore pattern: p146N_R2_fastqc.html
[2020-04-28 13:36:39,700] multiqc                                            [DEBUG  ]  Ignoring file as matched an ignore pattern: p146N_R1_fastqc.html
[2020-04-28 13:36:39,705] multiqc                                            [DEBUG  ]  Ignoring file as matched an ignore pattern: p146C_R2_fastqc.html
[2020-04-28 13:36:39,707] multiqc                                            [DEBUG  ]  Ignoring file as matched an ignore pattern: p146C_R1_fastqc.html
[2020-04-28 13:36:39,710] multiqc                                            [DEBUG  ]  Ignoring file as matched an ignore pattern: p144N_R2_fastqc.html
[2020-04-28 13:36:39,713] multiqc                                            [DEBUG  ]  Ignoring file as matched an ignore pattern: p144N_R1_fastqc.html
[2020-04-28 13:36:39,715] multiqc                                            [DEBUG  ]  Ignoring file as matched an ignore pattern: p144C_R2_fastqc.html
[2020-04-28 13:36:39,718] multiqc                                            [DEBUG  ]  Ignoring file as matched an ignore pattern: p144C_R1_fastqc.html
[2020-04-28 13:36:39,720] multiqc                                            [DEBUG  ]  Ignoring file as matched an ignore pattern: p143N_R2_fastqc.html
[2020-04-28 13:36:39,723] multiqc                                            [DEBUG  ]  Ignoring file as matched an ignore pattern: p143N_R1_fastqc.html
[2020-04-28 13:36:39,725] multiqc                                            [DEBUG  ]  Ignoring file as matched an ignore pattern: p143C_R2_fastqc.html
[2020-04-28 13:36:39,727] multiqc                                            [DEBUG  ]  Ignoring file as matched an ignore pattern: p143C_R1_fastqc.html
[2020-04-28 13:36:39,730] multiqc                                            [DEBUG  ]  Ignoring file as matched an ignore pattern: p136N_R2_fastqc.html
[2020-04-28 13:36:39,732] multiqc                                            [DEBUG  ]  Ignoring file as matched an ignore pattern: p136N_R1_fastqc.html
[2020-04-28 13:36:39,734] multiqc                                            [DEBUG  ]  Ignoring file as matched an ignore pattern: p136C_R2_fastqc.html
[2020-04-28 13:36:39,736] multiqc                                            [DEBUG  ]  Ignoring file as matched an ignore pattern: p136C_R1_fastqc.html
[2020-04-28 13:36:39,738] multiqc                                            [DEBUG  ]  Ignoring file as matched an ignore pattern: p136C_R1_fastqc-checkpoint.html
[2020-04-28 13:36:40,113] multiqc.plots.bargraph                             [DEBUG  ]  Using matplotlib version 3.0.3
[2020-04-28 13:36:40,117] multiqc.plots.linegraph                            [DEBUG  ]  Using matplotlib version 3.0.3
[2020-04-28 13:36:40,133] multiqc                                            [DEBUG  ]  No samples found: custom_content
[2020-04-28 13:36:40,203] multiqc                                            [DEBUG  ]  No samples found: conpair
[2020-04-28 13:36:40,219] multiqc                                            [DEBUG  ]  No samples found: peddy
[2020-04-28 13:36:40,234] multiqc                                            [DEBUG  ]  No samples found: methylQA
[2020-04-28 13:36:40,289] multiqc                                            [DEBUG  ]  No samples found: phantompeakqualtools
[2020-04-28 13:36:40,376] multiqc                                            [DEBUG  ]  No samples found: qualimap
[2020-04-28 13:36:40,418] multiqc                                            [DEBUG  ]  No samples found: preseq
[2020-04-28 13:36:40,456] multiqc                                            [DEBUG  ]  No samples found: quast
[2020-04-28 13:36:40,504] multiqc                                            [DEBUG  ]  No samples found: qorts
[2020-04-28 13:36:40,517] multiqc                                            [DEBUG  ]  No samples found: rna_seqc
[2020-04-28 13:36:40,587] multiqc                                            [DEBUG  ]  No samples found: rsem
[2020-04-28 13:36:40,853] multiqc                                            [DEBUG  ]  No samples found: rseqc
[2020-04-28 13:36:40,941] multiqc                                            [DEBUG  ]  No samples found: busco
[2020-04-28 13:36:40,976] multiqc                                            [DEBUG  ]  No samples found: goleft_indexcov
[2020-04-28 13:36:41,004] multiqc                                            [DEBUG  ]  No samples found: disambiguate
[2020-04-28 13:36:41,051] multiqc                                            [DEBUG  ]  No samples found: supernova
[2020-04-28 13:36:41,295] multiqc                                            [DEBUG  ]  No samples found: deeptools
[2020-04-28 13:36:41,348] multiqc                                            [DEBUG  ]  No samples found: sargasso
[2020-04-28 13:36:41,370] multiqc                                            [DEBUG  ]  No samples found: verifybamid
[2020-04-28 13:36:41,401] multiqc                                            [DEBUG  ]  No samples found: mirtrace
[2020-04-28 13:36:41,482] multiqc                                            [DEBUG  ]  No samples found: happy
[2020-04-28 13:36:41,599] multiqc                                            [DEBUG  ]  No samples found: homer
[2020-04-28 13:36:41,617] multiqc                                            [DEBUG  ]  No samples found: macs2
[2020-04-28 13:36:41,710] multiqc                                            [DEBUG  ]  No samples found: theta2
[2020-04-28 13:36:41,755] multiqc                                            [DEBUG  ]  No samples found: snpeff
[2020-04-28 13:36:41,818] multiqc                                            [DEBUG  ]  No samples found: gatk
[2020-04-28 13:36:41,880] multiqc                                            [DEBUG  ]  No samples found: htseq
[2020-04-28 13:36:41,898] multiqc                                            [DEBUG  ]  No samples found: bcftools
[2020-04-28 13:36:41,965] multiqc                                            [DEBUG  ]  No samples found: featureCounts
[2020-04-28 13:36:41,997] multiqc                                            [DEBUG  ]  No samples found: fgbio
[2020-04-28 13:36:42,035] multiqc                                            [DEBUG  ]  No samples found: dedup
[2020-04-28 13:36:42,085] multiqc                                            [DEBUG  ]  No samples found: damageprofiler
[2020-04-28 13:36:42,364] multiqc                                            [DEBUG  ]  No samples found: biobambam2
[2020-04-28 13:36:42,416] multiqc                                            [DEBUG  ]  No samples found: mtnucratio
[2020-04-28 13:36:42,420] multiqc                                            [DEBUG  ]  No samples found: picard
[2020-04-28 13:36:42,433] multiqc                                            [DEBUG  ]  No samples found: prokka
[2020-04-28 13:36:42,471] multiqc                                            [DEBUG  ]  No samples found: samblaster
[2020-04-28 13:36:42,518] multiqc                                            [DEBUG  ]  No samples found: samtools
[2020-04-28 13:36:42,533] multiqc                                            [DEBUG  ]  No samples found: sexdeterrmine
[2020-04-28 13:36:42,550] multiqc                                            [DEBUG  ]  No samples found: bamtools
[2020-04-28 13:36:42,635] multiqc                                            [DEBUG  ]  No samples found: jellyfish
[2020-04-28 13:36:42,720] multiqc                                            [DEBUG  ]  No samples found: vcftools
[2020-04-28 13:36:42,829] multiqc                                            [DEBUG  ]  No samples found: longranger
[2020-04-28 13:36:42,874] multiqc                                            [DEBUG  ]  No samples found: stacks
[2020-04-28 13:36:43,085] multiqc                                            [DEBUG  ]  No samples found: bbmap
[2020-04-28 13:36:43,125] multiqc                                            [DEBUG  ]  No samples found: bismark
[2020-04-28 13:36:43,173] multiqc                                            [DEBUG  ]  No samples found: biscuit
[2020-04-28 13:36:43,188] multiqc                                            [DEBUG  ]  No samples found: hicexplorer
[2020-04-28 13:36:43,292] multiqc                                            [DEBUG  ]  No samples found: hicup
[2020-04-28 13:36:43,326] multiqc                                            [DEBUG  ]  No samples found: hicpro
[2020-04-28 13:36:43,339] multiqc                                            [DEBUG  ]  No samples found: salmon
[2020-04-28 13:36:43,354] multiqc                                            [DEBUG  ]  No samples found: kallisto
[2020-04-28 13:36:43,379] multiqc                                            [DEBUG  ]  No samples found: slamdunk
[2020-04-28 13:36:43,412] multiqc                                            [DEBUG  ]  No samples found: star
[2020-04-28 13:36:43,440] multiqc                                            [DEBUG  ]  No samples found: hisat2
[2020-04-28 13:36:43,526] multiqc                                            [DEBUG  ]  No samples found: tophat
[2020-04-28 13:36:43,563] multiqc                                            [DEBUG  ]  No samples found: bowtie2
[2020-04-28 13:36:43,642] multiqc                                            [DEBUG  ]  No samples found: bowtie1
[2020-04-28 13:36:43,681] multiqc                                            [DEBUG  ]  No samples found: kat
[2020-04-28 13:36:43,725] multiqc                                            [DEBUG  ]  No samples found: leehom
[2020-04-28 13:36:43,748] multiqc                                            [DEBUG  ]  No samples found: adapterRemoval
[2020-04-28 13:36:43,795] multiqc                                            [DEBUG  ]  No samples found: clipandmerge
[2020-04-28 13:36:43,876] multiqc                                            [DEBUG  ]  No samples found: cutadapt
[2020-04-28 13:36:43,892] multiqc                                            [DEBUG  ]  No samples found: flexbar
[2020-04-28 13:36:43,926] multiqc                                            [DEBUG  ]  No samples found: trimmomatic
[2020-04-28 13:36:44,014] multiqc                                            [DEBUG  ]  No samples found: skewer
[2020-04-28 13:36:44,054] multiqc                                            [DEBUG  ]  No samples found: sortmerna
[2020-04-28 13:36:44,111] multiqc                                            [DEBUG  ]  No samples found: biobloomtools
[2020-04-28 13:36:44,171] multiqc                                            [DEBUG  ]  No samples found: fastq_screen
[2020-04-28 13:36:44,219] multiqc                                            [DEBUG  ]  No samples found: afterqc
[2020-04-28 13:36:44,279] multiqc                                            [DEBUG  ]  No samples found: fastp
[2020-04-28 13:36:44,449] multiqc.modules.fastqc.fastqc                      [INFO   ]  Found 24 reports
[2020-04-28 13:36:45,009] multiqc                                            [DEBUG  ]  No samples found: minionqc
[2020-04-28 13:36:45,158] multiqc                                            [DEBUG  ]  No samples found: mosdepth
[2020-04-28 13:36:45,228] multiqc                                            [DEBUG  ]  No samples found: clusterflow
[2020-04-28 13:36:45,279] multiqc                                            [DEBUG  ]  No samples found: bcl2fastq
[2020-04-28 13:36:45,296] multiqc                                            [DEBUG  ]  No samples found: interop
[2020-04-28 13:36:45,350] multiqc                                            [DEBUG  ]  No samples found: flash
[2020-04-28 13:36:45,398] multiqc                                            [DEBUG  ]  No samples found: seqyclean
[2020-04-28 13:36:45,446] multiqc                                            [INFO   ]  Compressing plot data
[2020-04-28 13:36:45,882] multiqc                                            [INFO   ]  Report      : multiqc_report.html
[2020-04-28 13:36:45,882] multiqc                                            [INFO   ]  Data        : multiqc_data
[2020-04-28 13:36:45,884] multiqc                                            [DEBUG  ]  Moving data file from '/tmp/tmpyyse0d9s/multiqc_data/multiqc_qualimap_bamqc_genome_results.txt' to '/student/petertran/src/bioinformatics-2/homework/metagenomics/reports/qc/pre-trim/multiqc_data'
[2020-04-28 13:36:45,896] multiqc                                            [DEBUG  ]  Moving data file from '/tmp/tmpyyse0d9s/multiqc_data/multiqc_fastqc.txt' to '/student/petertran/src/bioinformatics-2/homework/metagenomics/reports/qc/pre-trim/multiqc_data'
[2020-04-28 13:36:45,909] multiqc                                            [DEBUG  ]  Moving data file from '/tmp/tmpyyse0d9s/multiqc_data/multiqc_general_stats.txt' to '/student/petertran/src/bioinformatics-2/homework/metagenomics/reports/qc/pre-trim/multiqc_data'
[2020-04-28 13:36:45,947] multiqc                                            [DEBUG  ]  Moving data file from '/tmp/tmpyyse0d9s/multiqc_data/multiqc_sources.txt' to '/student/petertran/src/bioinformatics-2/homework/metagenomics/reports/qc/pre-trim/multiqc_data'
[2020-04-28 13:36:45,958] multiqc                                            [DEBUG  ]  Moving data file from '/tmp/tmpyyse0d9s/multiqc_data/multiqc_data.json' to '/student/petertran/src/bioinformatics-2/homework/metagenomics/reports/qc/pre-trim/multiqc_data'
[2020-04-28 13:36:47,682] multiqc                                            [INFO   ]  MultiQC complete
