[2020-04-23 17:07:48,159] multiqc                                            [DEBUG  ]  No MultiQC config found: /student/petertran/.local/lib/python3.6/site-packages/multiqc_config.yaml
[2020-04-23 17:07:48,160] multiqc                                            [DEBUG  ]  No MultiQC config found: /student/petertran/.multiqc_config.yaml
[2020-04-23 17:07:48,160] multiqc                                            [DEBUG  ]  No MultiQC config found: multiqc_config.yaml
[2020-04-23 17:07:48,160] multiqc                                            [DEBUG  ]  Command used: /student/petertran/.local/bin/multiqc .
[2020-04-23 17:07:48,888] multiqc                                            [DEBUG  ]  Latest MultiQC version is v1.8
[2020-04-23 17:07:48,888] multiqc                                            [INFO   ]  This is MultiQC v1.8
[2020-04-23 17:07:48,888] multiqc                                            [DEBUG  ]  Command     : /student/petertran/.local/bin/multiqc .
[2020-04-23 17:07:48,888] multiqc                                            [DEBUG  ]  Working dir : /student/petertran/src/bioinformatics-2-lab/rna-seq/reports/qc
[2020-04-23 17:07:48,888] multiqc                                            [INFO   ]  Template    : default
[2020-04-23 17:07:48,888] multiqc                                            [DEBUG  ]  Running Python 3.6.8 (default, Aug  7 2019, 17:28:10)  [GCC 4.8.5 20150623 (Red Hat 4.8.5-39)]
[2020-04-23 17:07:48,888] multiqc                                            [INFO   ]  Searching   : /student/petertran/src/bioinformatics-2-lab/rna-seq/reports/qc
[2020-04-23 17:07:48,889] multiqc                                            [DEBUG  ]  Analysing modules: custom_content, conpair, peddy, methylQA, phantompeakqualtools, qualimap, preseq, quast, qorts, rna_seqc, rsem, rseqc, busco, goleft_indexcov, disambiguate, supernova, deeptools, sargasso, verifybamid, mirtrace, happy, homer, macs2, theta2, snpeff, gatk, htseq, bcftools, featureCounts, fgbio, dedup, damageprofiler, biobambam2, mtnucratio, picard, prokka, samblaster, samtools, sexdeterrmine, bamtools, jellyfish, vcftools, longranger, stacks, bbmap, bismark, biscuit, hicexplorer, hicup, hicpro, salmon, kallisto, slamdunk, star, hisat2, tophat, bowtie2, bowtie1, kat, leehom, adapterRemoval, clipandmerge, cutadapt, flexbar, trimmomatic, skewer, sortmerna, biobloomtools, fastq_screen, afterqc, fastp, fastqc, minionqc, mosdepth, clusterflow, bcl2fastq, interop, flash, seqyclean
[2020-04-23 17:07:48,889] multiqc                                            [DEBUG  ]  Using temporary directory for creating report: /tmp/tmpgowx1bqj
[2020-04-23 17:07:49,150] multiqc                                            [DEBUG  ]  Ignoring file as matched an ignore pattern: SRR1066660_fastqc.html
[2020-04-23 17:07:49,160] multiqc                                            [DEBUG  ]  Ignoring file as matched an ignore pattern: SRR1066659_fastqc.html
[2020-04-23 17:07:49,162] multiqc                                            [DEBUG  ]  Ignoring file as matched an ignore pattern: SRR1066658_fastqc.html
[2020-04-23 17:07:49,164] multiqc                                            [DEBUG  ]  Ignoring file as matched an ignore pattern: SRR1066657_fastqc.html
[2020-04-23 17:07:49,484] multiqc.plots.bargraph                             [DEBUG  ]  Using matplotlib version 3.0.3
[2020-04-23 17:07:49,487] multiqc.plots.linegraph                            [DEBUG  ]  Using matplotlib version 3.0.3
[2020-04-23 17:07:49,493] multiqc                                            [DEBUG  ]  No samples found: custom_content
[2020-04-23 17:07:49,508] multiqc                                            [DEBUG  ]  No samples found: conpair
[2020-04-23 17:07:49,520] multiqc                                            [DEBUG  ]  No samples found: peddy
[2020-04-23 17:07:49,572] multiqc                                            [DEBUG  ]  No samples found: methylQA
[2020-04-23 17:07:49,585] multiqc                                            [DEBUG  ]  No samples found: phantompeakqualtools
[2020-04-23 17:07:49,605] multiqc                                            [DEBUG  ]  No samples found: qualimap
[2020-04-23 17:07:49,618] multiqc                                            [DEBUG  ]  No samples found: preseq
[2020-04-23 17:07:49,834] multiqc                                            [DEBUG  ]  No samples found: quast
[2020-04-23 17:07:49,848] multiqc                                            [DEBUG  ]  No samples found: qorts
[2020-04-23 17:07:49,860] multiqc                                            [DEBUG  ]  No samples found: rna_seqc
[2020-04-23 17:07:49,873] multiqc                                            [DEBUG  ]  No samples found: rsem
[2020-04-23 17:07:49,952] multiqc                                            [DEBUG  ]  No samples found: rseqc
[2020-04-23 17:07:49,964] multiqc                                            [DEBUG  ]  No samples found: busco
[2020-04-23 17:07:50,004] multiqc                                            [DEBUG  ]  No samples found: goleft_indexcov
[2020-04-23 17:07:50,056] multiqc                                            [DEBUG  ]  No samples found: disambiguate
[2020-04-23 17:07:50,119] multiqc                                            [DEBUG  ]  No samples found: supernova
[2020-04-23 17:07:50,281] multiqc                                            [DEBUG  ]  No samples found: deeptools
[2020-04-23 17:07:50,293] multiqc                                            [DEBUG  ]  No samples found: sargasso
[2020-04-23 17:07:50,311] multiqc                                            [DEBUG  ]  No samples found: verifybamid
[2020-04-23 17:07:50,325] multiqc                                            [DEBUG  ]  No samples found: mirtrace
[2020-04-23 17:07:50,337] multiqc                                            [DEBUG  ]  No samples found: happy
[2020-04-23 17:07:50,397] multiqc                                            [DEBUG  ]  No samples found: homer
[2020-04-23 17:07:50,411] multiqc                                            [DEBUG  ]  No samples found: macs2
[2020-04-23 17:07:50,460] multiqc                                            [DEBUG  ]  No samples found: theta2
[2020-04-23 17:07:50,472] multiqc                                            [DEBUG  ]  No samples found: snpeff
[2020-04-23 17:07:50,567] multiqc                                            [DEBUG  ]  No samples found: gatk
[2020-04-23 17:07:50,580] multiqc                                            [DEBUG  ]  No samples found: htseq
[2020-04-23 17:07:50,595] multiqc                                            [DEBUG  ]  No samples found: bcftools
[2020-04-23 17:07:50,609] multiqc                                            [DEBUG  ]  No samples found: featureCounts
[2020-04-23 17:07:50,667] multiqc                                            [DEBUG  ]  No samples found: fgbio
[2020-04-23 17:07:50,766] multiqc                                            [DEBUG  ]  No samples found: dedup
[2020-04-23 17:07:50,778] multiqc                                            [DEBUG  ]  No samples found: damageprofiler
[2020-04-23 17:07:50,878] multiqc                                            [DEBUG  ]  No samples found: biobambam2
[2020-04-23 17:07:50,889] multiqc                                            [DEBUG  ]  No samples found: mtnucratio
[2020-04-23 17:07:50,893] multiqc                                            [DEBUG  ]  No samples found: picard
[2020-04-23 17:07:50,907] multiqc                                            [DEBUG  ]  No samples found: prokka
[2020-04-23 17:07:50,946] multiqc                                            [DEBUG  ]  No samples found: samblaster
[2020-04-23 17:07:51,046] multiqc                                            [DEBUG  ]  No samples found: samtools
[2020-04-23 17:07:51,057] multiqc                                            [DEBUG  ]  No samples found: sexdeterrmine
[2020-04-23 17:07:51,070] multiqc                                            [DEBUG  ]  No samples found: bamtools
[2020-04-23 17:07:51,082] multiqc                                            [DEBUG  ]  No samples found: jellyfish
[2020-04-23 17:07:51,208] multiqc                                            [DEBUG  ]  No samples found: vcftools
[2020-04-23 17:07:51,262] multiqc                                            [DEBUG  ]  No samples found: longranger
[2020-04-23 17:07:51,276] multiqc                                            [DEBUG  ]  No samples found: stacks
[2020-04-23 17:07:51,396] multiqc                                            [DEBUG  ]  No samples found: bbmap
[2020-04-23 17:07:51,411] multiqc                                            [DEBUG  ]  No samples found: bismark
[2020-04-23 17:07:51,469] multiqc                                            [DEBUG  ]  No samples found: biscuit
[2020-04-23 17:07:51,480] multiqc                                            [DEBUG  ]  No samples found: hicexplorer
[2020-04-23 17:07:51,565] multiqc                                            [DEBUG  ]  No samples found: hicup
[2020-04-23 17:07:51,577] multiqc                                            [DEBUG  ]  No samples found: hicpro
[2020-04-23 17:07:52,096] multiqc                                            [DEBUG  ]  No samples found: salmon
[2020-04-23 17:07:52,145] multiqc                                            [DEBUG  ]  No samples found: kallisto
[2020-04-23 17:07:52,157] multiqc                                            [DEBUG  ]  No samples found: slamdunk
[2020-04-23 17:07:52,171] multiqc                                            [DEBUG  ]  No samples found: star
[2020-04-23 17:07:52,197] multiqc                                            [DEBUG  ]  No samples found: hisat2
[2020-04-23 17:07:52,213] multiqc                                            [DEBUG  ]  No samples found: tophat
[2020-04-23 17:07:52,228] multiqc                                            [DEBUG  ]  No samples found: bowtie2
[2020-04-23 17:07:52,280] multiqc                                            [DEBUG  ]  No samples found: bowtie1
[2020-04-23 17:07:52,342] multiqc                                            [DEBUG  ]  No samples found: kat
[2020-04-23 17:07:52,356] multiqc                                            [DEBUG  ]  No samples found: leehom
[2020-04-23 17:07:52,426] multiqc                                            [DEBUG  ]  No samples found: adapterRemoval
[2020-04-23 17:07:52,440] multiqc                                            [DEBUG  ]  No samples found: clipandmerge
[2020-04-23 17:07:52,454] multiqc                                            [DEBUG  ]  No samples found: cutadapt
[2020-04-23 17:07:52,468] multiqc                                            [DEBUG  ]  No samples found: flexbar
[2020-04-23 17:07:52,500] multiqc                                            [DEBUG  ]  No samples found: trimmomatic
[2020-04-23 17:07:52,543] multiqc                                            [DEBUG  ]  No samples found: skewer
[2020-04-23 17:07:52,555] multiqc                                            [DEBUG  ]  No samples found: sortmerna
[2020-04-23 17:07:52,569] multiqc                                            [DEBUG  ]  No samples found: biobloomtools
[2020-04-23 17:07:52,634] multiqc                                            [DEBUG  ]  No samples found: fastq_screen
[2020-04-23 17:07:52,648] multiqc                                            [DEBUG  ]  No samples found: afterqc
[2020-04-23 17:07:52,709] multiqc                                            [DEBUG  ]  No samples found: fastp
[2020-04-23 17:07:52,827] multiqc.modules.fastqc.fastqc                      [INFO   ]  Found 4 reports
[2020-04-23 17:07:52,927] multiqc                                            [DEBUG  ]  No samples found: minionqc
[2020-04-23 17:07:52,939] multiqc                                            [DEBUG  ]  No samples found: mosdepth
[2020-04-23 17:07:52,988] multiqc                                            [DEBUG  ]  No samples found: clusterflow
[2020-04-23 17:07:53,041] multiqc                                            [DEBUG  ]  No samples found: bcl2fastq
[2020-04-23 17:07:53,053] multiqc                                            [DEBUG  ]  No samples found: interop
[2020-04-23 17:07:53,066] multiqc                                            [DEBUG  ]  No samples found: flash
[2020-04-23 17:07:53,090] multiqc                                            [DEBUG  ]  No samples found: seqyclean
[2020-04-23 17:07:53,100] multiqc                                            [INFO   ]  Compressing plot data
[2020-04-23 17:07:53,197] multiqc                                            [INFO   ]  Report      : multiqc_report.html
[2020-04-23 17:07:53,197] multiqc                                            [INFO   ]  Data        : multiqc_data
[2020-04-23 17:07:53,199] multiqc                                            [DEBUG  ]  Moving data file from '/tmp/tmpgowx1bqj/multiqc_data/multiqc_qualimap_bamqc_genome_results.txt' to '/student/petertran/src/bioinformatics-2-lab/rna-seq/reports/qc/multiqc_data'
[2020-04-23 17:07:53,210] multiqc                                            [DEBUG  ]  Moving data file from '/tmp/tmpgowx1bqj/multiqc_data/multiqc_fastqc.txt' to '/student/petertran/src/bioinformatics-2-lab/rna-seq/reports/qc/multiqc_data'
[2020-04-23 17:07:53,220] multiqc                                            [DEBUG  ]  Moving data file from '/tmp/tmpgowx1bqj/multiqc_data/multiqc_general_stats.txt' to '/student/petertran/src/bioinformatics-2-lab/rna-seq/reports/qc/multiqc_data'
[2020-04-23 17:07:53,230] multiqc                                            [DEBUG  ]  Moving data file from '/tmp/tmpgowx1bqj/multiqc_data/multiqc_sources.txt' to '/student/petertran/src/bioinformatics-2-lab/rna-seq/reports/qc/multiqc_data'
[2020-04-23 17:07:53,239] multiqc                                            [DEBUG  ]  Moving data file from '/tmp/tmpgowx1bqj/multiqc_data/multiqc_data.json' to '/student/petertran/src/bioinformatics-2-lab/rna-seq/reports/qc/multiqc_data'
[2020-04-23 17:07:54,382] multiqc                                            [INFO   ]  MultiQC complete
